<?xml version="1.0" encoding="UTF-8"?>
<testsuite name="Regression Test"
           tests="2"
           failures="0"
           errors="0"
           skipped="0"
           time="17.301">
  <properties />
  
  
            <testcase name="verifyProductArrangeInAlphaBaticalOrder" time="1.895" classname="com.nopcommerce.demo.testsuite.ComputerPageTest" />
                <testcase name="verifyProductAddedToShoppingCartSuccessFully" time="15.406" classname="com.nopcommerce.demo.testsuite.ComputerPageTest" />
      
</testsuite>
